Arguments: 
  /home/work/.nvm/versions/node/v10.16.0/bin/node /usr/share/yarn/bin/yarn.js test

PATH: 
  /home/work/.nvm/versions/node/v10.16.0/bin:/usr/local/sbin:/usr/local/bin:/usr/sbin:/usr/bin:/sbin:/bin:/usr/games:/usr/local/games:/snap/bin

Yarn version: 
  1.16.0

Node version: 
  10.16.0

Platform: 
  linux x64

Trace: 
  SyntaxError: /home/work/Documents/test-app/package.json: Unexpected token } in JSON at position 1349
      at JSON.parse (<anonymous>)
      at /usr/share/yarn/lib/cli.js:1625:59
      at Generator.next (<anonymous>)
      at step (/usr/share/yarn/lib/cli.js:304:30)
      at /usr/share/yarn/lib/cli.js:315:13

npm manifest: 
  {
    "name": "test-app",
    "version": "0.0.0",
    "scripts": {
      "ng": "ng",
      "start": "ng serve",
      "build": "ng build",
      "test": "jest",
      "lint": "ng lint",
      "e2e": "ng e2e"
    },
    "private": true,
    "dependencies": {
      "@angular/animations": "~7.2.0",
      "@angular/common": "~7.2.0",
      "@angular/compiler": "~7.2.0",
      "@angular/core": "~7.2.0",
      "@angular/forms": "~7.2.0",
      "@angular/platform-browser": "~7.2.0",
      "@angular/platform-browser-dynamic": "~7.2.0",
      "@angular/router": "~7.2.0",
      "core-js": "^2.5.4",
      "rxjs": "~6.3.3",
      "tslib": "^1.9.0",
      "zone.js": "~0.8.26"
    },
    "devDependencies": {
      "@angular-builders/jest": "^8.0.3",
      "@angular-devkit/build-angular": "~0.13.0",
      "@angular/cli": "~7.3.8",
      "@angular/compiler-cli": "~7.2.0",
      "@angular/language-service": "~7.2.0",
      "@types/jasmine": "~2.8.8",
      "@types/jasminewd2": "~2.0.3",
      "@types/jest": "^24.0.15",
      "@types/node": "~8.9.4",
      "codelyzer": "~4.5.0",
      "jasmine-core": "~2.99.1",
      "jasmine-spec-reporter": "~4.2.1",
      "jest": "^24.8.0",
      "protractor": "~5.4.0",
      "ts-node": "~7.0.0",
      "tslint": "~5.11.0",
      "typescript": "~3.2.2"
    },
    "jest":{
      "preset":"jest-preset-angular",
      "roots":["<rootDir>/src/"],
      "setupFilesAfterEnv":["<rootDir>/src/setup-jest.ts"],
  
    }
  }

yarn manifest: 
  No manifest

Lockfile: 
  No lockfile
